{"D:\\dev\\code\\wl\\others\\practicasReactJs\\client\\src\\App.js": {"path":"D:\\dev\\code\\wl\\others\\practicasReactJs\\client\\src\\App.js","statementMap":{"0":{"start":{"line":13,"column":17},"end":{"line":13,"column":51}},"1":{"start":{"line":13,"column":28},"end":{"line":13,"column":50}},"2":{"start":{"line":15,"column":15},"end":{"line":15,"column":51}},"3":{"start":{"line":15,"column":26},"end":{"line":15,"column":50}},"4":{"start":{"line":16,"column":17},"end":{"line":16,"column":55}},"5":{"start":{"line":16,"column":28},"end":{"line":16,"column":54}},"6":{"start":{"line":17,"column":30},"end":{"line":19,"column":1}},"7":{"start":{"line":18,"column":2},"end":{"line":18,"column":66}},"8":{"start":{"line":20,"column":18},"end":{"line":20,"column":57}},"9":{"start":{"line":20,"column":29},"end":{"line":20,"column":56}},"10":{"start":{"line":21,"column":24},"end":{"line":21,"column":69}},"11":{"start":{"line":21,"column":35},"end":{"line":21,"column":68}},"12":{"start":{"line":22,"column":23},"end":{"line":24,"column":1}},"13":{"start":{"line":23,"column":2},"end":{"line":23,"column":49}},"14":{"start":{"line":25,"column":22},"end":{"line":27,"column":1}},"15":{"start":{"line":26,"column":2},"end":{"line":26,"column":51}},"16":{"start":{"line":32,"column":2},"end":{"line":59,"column":4}},"17":{"start":{"line":64,"column":2},"end":{"line":71,"column":4}}},"fnMap":{"0":{"name":"(anonymous_0)","decl":{"start":{"line":13,"column":22},"end":{"line":13,"column":23}},"loc":{"start":{"line":13,"column":28},"end":{"line":13,"column":50}},"line":13},"1":{"name":"(anonymous_1)","decl":{"start":{"line":15,"column":20},"end":{"line":15,"column":21}},"loc":{"start":{"line":15,"column":26},"end":{"line":15,"column":50}},"line":15},"2":{"name":"(anonymous_2)","decl":{"start":{"line":16,"column":22},"end":{"line":16,"column":23}},"loc":{"start":{"line":16,"column":28},"end":{"line":16,"column":54}},"line":16},"3":{"name":"(anonymous_3)","decl":{"start":{"line":17,"column":35},"end":{"line":17,"column":36}},"loc":{"start":{"line":18,"column":2},"end":{"line":18,"column":66}},"line":18},"4":{"name":"(anonymous_4)","decl":{"start":{"line":20,"column":23},"end":{"line":20,"column":24}},"loc":{"start":{"line":20,"column":29},"end":{"line":20,"column":56}},"line":20},"5":{"name":"(anonymous_5)","decl":{"start":{"line":21,"column":29},"end":{"line":21,"column":30}},"loc":{"start":{"line":21,"column":35},"end":{"line":21,"column":68}},"line":21},"6":{"name":"(anonymous_6)","decl":{"start":{"line":22,"column":28},"end":{"line":22,"column":29}},"loc":{"start":{"line":23,"column":2},"end":{"line":23,"column":49}},"line":23},"7":{"name":"(anonymous_7)","decl":{"start":{"line":25,"column":27},"end":{"line":25,"column":28}},"loc":{"start":{"line":26,"column":2},"end":{"line":26,"column":51}},"line":26},"8":{"name":"App","decl":{"start":{"line":31,"column":9},"end":{"line":31,"column":12}},"loc":{"start":{"line":31,"column":15},"end":{"line":60,"column":1}},"line":31},"9":{"name":"LearningComponente","decl":{"start":{"line":63,"column":9},"end":{"line":63,"column":27}},"loc":{"start":{"line":63,"column":30},"end":{"line":72,"column":1}},"line":63}},"branchMap":{},"s":{"0":0,"1":0,"2":0,"3":0,"4":0,"5":0,"6":0,"7":0,"8":0,"9":0,"10":0,"11":0,"12":0,"13":0,"14":0,"15":0,"16":0,"17":0},"f":{"0":0,"1":0,"2":0,"3":0,"4":0,"5":0,"6":0,"7":0,"8":0,"9":0},"b":{}}
,"D:\\dev\\code\\wl\\others\\practicasReactJs\\client\\src\\componentes\\FirstComponent.js": {"path":"D:\\dev\\code\\wl\\others\\practicasReactJs\\client\\src\\componentes\\FirstComponent.js","statementMap":{"0":{"start":{"line":6,"column":6},"end":{"line":12,"column":8}}},"fnMap":{"0":{"name":"(anonymous_0)","decl":{"start":{"line":5,"column":4},"end":{"line":5,"column":5}},"loc":{"start":{"line":5,"column":13},"end":{"line":13,"column":5}},"line":5}},"branchMap":{},"s":{"0":0},"f":{"0":0},"b":{}}
,"D:\\dev\\code\\wl\\others\\practicasReactJs\\client\\src\\componentes\\FourthComponent.js": {"path":"D:\\dev\\code\\wl\\others\\practicasReactJs\\client\\src\\componentes\\FourthComponent.js","statementMap":{"0":{"start":{"line":2,"column":4},"end":{"line":8,"column":6}}},"fnMap":{"0":{"name":"FourthComponent","decl":{"start":{"line":1,"column":9},"end":{"line":1,"column":24}},"loc":{"start":{"line":1,"column":27},"end":{"line":9,"column":1}},"line":1}},"branchMap":{},"s":{"0":0},"f":{"0":0},"b":{}}
,"D:\\dev\\code\\wl\\others\\practicasReactJs\\client\\src\\componentes\\SecondComponent.js": {"path":"D:\\dev\\code\\wl\\others\\practicasReactJs\\client\\src\\componentes\\SecondComponent.js","statementMap":{"0":{"start":{"line":7,"column":6},"end":{"line":13,"column":8}}},"fnMap":{"0":{"name":"(anonymous_0)","decl":{"start":{"line":6,"column":4},"end":{"line":6,"column":5}},"loc":{"start":{"line":6,"column":13},"end":{"line":14,"column":5}},"line":6}},"branchMap":{},"s":{"0":0},"f":{"0":0},"b":{}}
,"D:\\dev\\code\\wl\\others\\practicasReactJs\\client\\src\\componentes\\ThirdComponent.js": {"path":"D:\\dev\\code\\wl\\others\\practicasReactJs\\client\\src\\componentes\\ThirdComponent.js","statementMap":{"0":{"start":{"line":4,"column":4},"end":{"line":10,"column":6}}},"fnMap":{"0":{"name":"ThirdComponent","decl":{"start":{"line":3,"column":9},"end":{"line":3,"column":23}},"loc":{"start":{"line":3,"column":26},"end":{"line":11,"column":3}},"line":3}},"branchMap":{},"s":{"0":0},"f":{"0":0},"b":{}}
,"D:\\dev\\code\\wl\\others\\practicasReactJs\\client\\src\\componentes\\monsters\\card\\card.component.js": {"path":"D:\\dev\\code\\wl\\others\\practicasReactJs\\client\\src\\componentes\\monsters\\card\\card.component.js","statementMap":{"0":{"start":{"line":4,"column":20},"end":{"line":12,"column":1}},"1":{"start":{"line":5,"column":2},"end":{"line":11,"column":4}}},"fnMap":{"0":{"name":"(anonymous_0)","decl":{"start":{"line":4,"column":20},"end":{"line":4,"column":21}},"loc":{"start":{"line":4,"column":43},"end":{"line":12,"column":1}},"line":4}},"branchMap":{},"s":{"0":2,"1":0},"f":{"0":0},"b":{},"_coverageSchema":"1a1c01bbd47fc00a2c39e90264f33305004495a9","hash":"a1099f1504fb44422d2198752364d7d52602b320"}
,"D:\\dev\\code\\wl\\others\\practicasReactJs\\client\\src\\componentes\\monsters\\card-list\\card-list.component.jsx": {"path":"D:\\dev\\code\\wl\\others\\practicasReactJs\\client\\src\\componentes\\monsters\\card-list\\card-list.component.jsx","statementMap":{"0":{"start":{"line":5,"column":24},"end":{"line":13,"column":1}},"1":{"start":{"line":6,"column":2},"end":{"line":12,"column":4}},"2":{"start":{"line":9,"column":8},"end":{"line":9,"column":51}}},"fnMap":{"0":{"name":"(anonymous_0)","decl":{"start":{"line":5,"column":24},"end":{"line":5,"column":25}},"loc":{"start":{"line":5,"column":40},"end":{"line":13,"column":1}},"line":5},"1":{"name":"(anonymous_1)","decl":{"start":{"line":8,"column":20},"end":{"line":8,"column":21}},"loc":{"start":{"line":9,"column":8},"end":{"line":9,"column":51}},"line":9}},"branchMap":{},"s":{"0":1,"1":1,"2":1},"f":{"0":1,"1":1},"b":{},"_coverageSchema":"1a1c01bbd47fc00a2c39e90264f33305004495a9","hash":"13a85201438f5f630817842904f98f4b604e72ad"}
,"D:\\dev\\code\\wl\\others\\practicasReactJs\\client\\src\\pages\\RickAndMortyApi.js": {"path":"D:\\dev\\code\\wl\\others\\practicasReactJs\\client\\src\\pages\\RickAndMortyApi.js","statementMap":{"0":{"start":{"line":19,"column":4},"end":{"line":19,"column":16}},"1":{"start":{"line":21,"column":4},"end":{"line":31,"column":6}},"2":{"start":{"line":36,"column":4},"end":{"line":36,"column":27}},"3":{"start":{"line":39,"column":20},"end":{"line":78,"column":3}},"4":{"start":{"line":41,"column":4},"end":{"line":44,"column":7}},"5":{"start":{"line":47,"column":4},"end":{"line":77,"column":5}},"6":{"start":{"line":48,"column":6},"end":{"line":48,"column":54}},"7":{"start":{"line":49,"column":23},"end":{"line":51,"column":7}},"8":{"start":{"line":52,"column":6},"end":{"line":52,"column":48}},"9":{"start":{"line":53,"column":19},"end":{"line":53,"column":27}},"10":{"start":{"line":55,"column":6},"end":{"line":55,"column":32}},"11":{"start":{"line":56,"column":6},"end":{"line":67,"column":9}},"12":{"start":{"line":69,"column":6},"end":{"line":69,"column":44}},"13":{"start":{"line":71,"column":6},"end":{"line":71,"column":36}},"14":{"start":{"line":73,"column":6},"end":{"line":76,"column":9}},"15":{"start":{"line":80,"column":21},"end":{"line":96,"column":3}},"16":{"start":{"line":81,"column":4},"end":{"line":81,"column":33}},"17":{"start":{"line":90,"column":4},"end":{"line":90,"column":42}},"18":{"start":{"line":92,"column":4},"end":{"line":92,"column":77}},"19":{"start":{"line":92,"column":30},"end":{"line":92,"column":74}},"20":{"start":{"line":94,"column":4},"end":{"line":94,"column":42}},"21":{"start":{"line":95,"column":4},"end":{"line":95,"column":27}},"22":{"start":{"line":99,"column":4},"end":{"line":142,"column":6}},"23":{"start":{"line":116,"column":12},"end":{"line":138,"column":14}}},"fnMap":{"0":{"name":"(anonymous_0)","decl":{"start":{"line":18,"column":2},"end":{"line":18,"column":3}},"loc":{"start":{"line":18,"column":21},"end":{"line":32,"column":3}},"line":18},"1":{"name":"(anonymous_1)","decl":{"start":{"line":35,"column":2},"end":{"line":35,"column":3}},"loc":{"start":{"line":35,"column":22},"end":{"line":37,"column":3}},"line":35},"2":{"name":"(anonymous_2)","decl":{"start":{"line":39,"column":20},"end":{"line":39,"column":21}},"loc":{"start":{"line":39,"column":32},"end":{"line":78,"column":3}},"line":39},"3":{"name":"(anonymous_3)","decl":{"start":{"line":80,"column":21},"end":{"line":80,"column":22}},"loc":{"start":{"line":80,"column":39},"end":{"line":96,"column":3}},"line":80},"4":{"name":"(anonymous_4)","decl":{"start":{"line":92,"column":18},"end":{"line":92,"column":19}},"loc":{"start":{"line":92,"column":30},"end":{"line":92,"column":74}},"line":92},"5":{"name":"(anonymous_5)","decl":{"start":{"line":98,"column":2},"end":{"line":98,"column":3}},"loc":{"start":{"line":98,"column":11},"end":{"line":143,"column":3}},"line":98},"6":{"name":"(anonymous_6)","decl":{"start":{"line":115,"column":39},"end":{"line":115,"column":40}},"loc":{"start":{"line":115,"column":49},"end":{"line":139,"column":11}},"line":115}},"branchMap":{"0":{"loc":{"start":{"line":112,"column":9},"end":{"line":112,"column":67}},"type":"binary-expr","locations":[{"start":{"line":112,"column":9},"end":{"line":112,"column":25}},{"start":{"line":112,"column":29},"end":{"line":112,"column":67}}],"line":112}},"s":{"0":0,"1":0,"2":0,"3":0,"4":0,"5":0,"6":0,"7":0,"8":0,"9":0,"10":0,"11":0,"12":0,"13":0,"14":0,"15":0,"16":0,"17":0,"18":0,"19":0,"20":0,"21":0,"22":0,"23":0},"f":{"0":0,"1":0,"2":0,"3":0,"4":0,"5":0,"6":0},"b":{"0":[0,0]}}
,"D:\\dev\\code\\wl\\others\\practicasReactJs\\client\\src\\tests\\script.api.js": {"path":"D:\\dev\\code\\wl\\others\\practicasReactJs\\client\\src\\tests\\script.api.js","statementMap":{"0":{"start":{"line":1,"column":14},"end":{"line":1,"column":35}},"1":{"start":{"line":3,"column":25},"end":{"line":10,"column":1}},"2":{"start":{"line":4,"column":2},"end":{"line":9,"column":7}},"3":{"start":{"line":5,"column":24},"end":{"line":5,"column":39}},"4":{"start":{"line":8,"column":6},"end":{"line":8,"column":58}},"5":{"start":{"line":12,"column":18},"end":{"line":18,"column":1}},"6":{"start":{"line":13,"column":19},"end":{"line":13,"column":62}},"7":{"start":{"line":14,"column":15},"end":{"line":14,"column":36}},"8":{"start":{"line":17,"column":2},"end":{"line":17,"column":54}},"9":{"start":{"line":20,"column":0},"end":{"line":20,"column":17}},"10":{"start":{"line":22,"column":0},"end":{"line":25,"column":2}}},"fnMap":{"0":{"name":"(anonymous_0)","decl":{"start":{"line":3,"column":25},"end":{"line":3,"column":26}},"loc":{"start":{"line":3,"column":36},"end":{"line":10,"column":1}},"line":3},"1":{"name":"(anonymous_1)","decl":{"start":{"line":5,"column":10},"end":{"line":5,"column":11}},"loc":{"start":{"line":5,"column":24},"end":{"line":5,"column":39}},"line":5},"2":{"name":"(anonymous_2)","decl":{"start":{"line":6,"column":10},"end":{"line":6,"column":11}},"loc":{"start":{"line":6,"column":20},"end":{"line":9,"column":5}},"line":6},"3":{"name":"(anonymous_3)","decl":{"start":{"line":12,"column":18},"end":{"line":12,"column":19}},"loc":{"start":{"line":12,"column":35},"end":{"line":18,"column":1}},"line":12}},"branchMap":{},"s":{"0":1,"1":1,"2":2,"3":2,"4":2,"5":1,"6":2,"7":2,"8":2,"9":1,"10":1},"f":{"0":2,"1":2,"2":2,"3":2},"b":{},"_coverageSchema":"1a1c01bbd47fc00a2c39e90264f33305004495a9","hash":"9a0b92ae8b5129723c5e82520f55e9b2bc334c44"}
,"D:\\dev\\code\\wl\\others\\practicasReactJs\\client\\src\\tests\\script.db.js": {"path":"D:\\dev\\code\\wl\\others\\practicasReactJs\\client\\src\\tests\\script.db.js","statementMap":{"0":{"start":{"line":1,"column":23},"end":{"line":8,"column":1}},"1":{"start":{"line":10,"column":21},"end":{"line":16,"column":1}},"2":{"start":{"line":11,"column":18},"end":{"line":13,"column":4}},"3":{"start":{"line":12,"column":4},"end":{"line":12,"column":41}},"4":{"start":{"line":15,"column":2},"end":{"line":15,"column":60}},"5":{"start":{"line":21,"column":0},"end":{"line":21,"column":30}}},"fnMap":{"0":{"name":"(anonymous_0)","decl":{"start":{"line":10,"column":21},"end":{"line":10,"column":22}},"loc":{"start":{"line":10,"column":42},"end":{"line":16,"column":1}},"line":10},"1":{"name":"(anonymous_1)","decl":{"start":{"line":11,"column":28},"end":{"line":11,"column":29}},"loc":{"start":{"line":11,"column":41},"end":{"line":13,"column":3}},"line":11}},"branchMap":{"0":{"loc":{"start":{"line":15,"column":9},"end":{"line":15,"column":59}},"type":"cond-expr","locations":[{"start":{"line":15,"column":30},"end":{"line":15,"column":49}},{"start":{"line":15,"column":52},"end":{"line":15,"column":59}}],"line":15}},"s":{"0":1,"1":1,"2":2,"3":6,"4":2,"5":1},"f":{"0":2,"1":6},"b":{"0":[0,2]},"_coverageSchema":"1a1c01bbd47fc00a2c39e90264f33305004495a9","hash":"570ffd894c39266a7ef3af259dc7395609f47a75"}
}
